# JRE version: OpenJDK Runtime Environment Microsoft-8035246 (17.0.8+7) (build 17.0.8+7-LTS)
# Java VM: OpenJDK 64-Bit Server VM Microsoft-8035246 (17.0.8+7-LTS, mixed mode, sharing, tiered, compressed oops, compressed class ptrs, g1 gc, windows-amd64)
GC Precious Log:
 CPUs: 4 total, 4 available
 Memory: 7975M
 Large Page Support: Disabled
 NUMA Support: Disabled
 Compressed Oops: Enabled (32-bit)
 Heap Region Size: 1M
 Heap Min Capacity: 8M
 Heap Initial Capacity: 126M
 Heap Max Capacity: 2G
 Pre-touch: Disabled
 Parallel Workers: 4
 Concurrent Workers: 1
 Concurrent Refinement Workers: 4
 Periodic GC: Disabled
Heap:
 garbage-first heap   total 349184K, used 209846K [0x0000000080000000, 0x0000000100000000)
  region size 1024K, 42 young (43008K), 8 survivors (8192K)
 Metaspace       used 107327K, committed 108352K, reserved 557056K
  class space    used 14736K, committed 15232K, reserved 425984K
GC Heap History (20 events):
Event: 46.378 GC heap before
{Heap before GC invocations=42 (full 0):
 garbage-first heap   total 173056K, used 137902K [0x0000000080000000, 0x0000000100000000)
  region size 1024K, 51 young (52224K), 3 survivors (3072K)
 Metaspace       used 83345K, committed 84096K, reserved 557056K
  class space    used 11489K, committed 11840K, reserved 425984K
}
Event: 46.388 GC heap after
{Heap after GC invocations=43 (full 0):
 garbage-first heap   total 173056K, used 92975K [0x0000000080000000, 0x0000000100000000)
  region size 1024K, 7 young (7168K), 7 survivors (7168K)
 Metaspace       used 83345K, committed 84096K, reserved 557056K
  class space    used 11489K, committed 11840K, reserved 425984K
}
Event: 46.416 GC heap before
{Heap before GC invocations=43 (full 0):
 garbage-first heap   total 173056K, used 93999K [0x0000000080000000, 0x0000000100000000)
  region size 1024K, 8 young (8192K), 7 survivors (7168K)
 Metaspace       used 83428K, committed 84160K, reserved 557056K
  class space    used 11498K, committed 11840K, reserved 425984K
}
Event: 46.426 GC heap after
{Heap after GC invocations=44 (full 0):
 garbage-first heap   total 173056K, used 93504K [0x0000000080000000, 0x0000000100000000)
  region size 1024K, 1 young (1024K), 1 survivors (1024K)
 Metaspace       used 83428K, committed 84160K, reserved 557056K
  class space    used 11498K, committed 11840K, reserved 425984K
}
Event: 47.514 GC heap before
{Heap before GC invocations=44 (full 0):
 garbage-first heap   total 173056K, used 141632K [0x0000000080000000, 0x0000000100000000)
  region size 1024K, 47 young (48128K), 1 survivors (1024K)
 Metaspace       used 86725K, committed 87488K, reserved 557056K
  class space    used 11943K, committed 12288K, reserved 425984K
}
Event: 47.519 GC heap after
{Heap after GC invocations=45 (full 0):
 garbage-first heap   total 173056K, used 94728K [0x0000000080000000, 0x0000000100000000)
  region size 1024K, 3 young (3072K), 3 survivors (3072K)
 Metaspace       used 86725K, committed 87488K, reserved 557056K
  class space    used 11943K, committed 12288K, reserved 425984K
}
Event: 48.564 GC heap before
{Heap before GC invocations=46 (full 0):
 garbage-first heap   total 173056K, used 141832K [0x0000000080000000, 0x0000000100000000)
  region size 1024K, 49 young (50176K), 3 survivors (3072K)
 Metaspace       used 89983K, committed 90816K, reserved 557056K
  class space    used 12564K, committed 12928K, reserved 425984K
}
Event: 48.571 GC heap after
{Heap after GC invocations=47 (full 0):
 garbage-first heap   total 173056K, used 95459K [0x0000000080000000, 0x0000000100000000)
  region size 1024K, 3 young (3072K), 3 survivors (3072K)
 Metaspace       used 89983K, committed 90816K, reserved 557056K
  class space    used 12564K, committed 12928K, reserved 425984K
}
Event: 48.705 GC heap before
{Heap before GC invocations=47 (full 0):
 garbage-first heap   total 173056K, used 99555K [0x0000000080000000, 0x0000000100000000)
  region size 1024K, 8 young (8192K), 3 survivors (3072K)
 Metaspace       used 90324K, committed 91072K, reserved 557056K
  class space    used 12605K, committed 12928K, reserved 425984K
}
Event: 48.711 GC heap after
{Heap after GC invocations=48 (full 0):
 garbage-first heap   total 173056K, used 95684K [0x0000000080000000, 0x0000000100000000)
  region size 1024K, 1 young (1024K), 1 survivors (1024K)
 Metaspace       used 90324K, committed 91072K, reserved 557056K
  class space    used 12605K, committed 12928K, reserved 425984K
}
Event: 49.666 GC heap before
{Heap before GC invocations=48 (full 0):
 garbage-first heap   total 173056K, used 143812K [0x0000000080000000, 0x0000000100000000)
  region size 1024K, 48 young (49152K), 1 survivors (1024K)
 Metaspace       used 92552K, committed 93376K, reserved 557056K
  class space    used 12919K, committed 13312K, reserved 425984K
}
Event: 49.677 GC heap after
{Heap after GC invocations=49 (full 0):
 garbage-first heap   total 349184K, used 99228K [0x0000000080000000, 0x0000000100000000)
  region size 1024K, 4 young (4096K), 4 survivors (4096K)
 Metaspace       used 92552K, committed 93376K, reserved 557056K
  class space    used 12919K, committed 13312K, reserved 425984K
}
Event: 56.447 GC heap before
{Heap before GC invocations=49 (full 0):
 garbage-first heap   total 349184K, used 280476K [0x0000000080000000, 0x0000000100000000)
  region size 1024K, 168 young (172032K), 4 survivors (4096K)
 Metaspace       used 96847K, committed 97792K, reserved 557056K
  class space    used 13424K, committed 13888K, reserved 425984K
}
Event: 56.503 GC heap after
{Heap after GC invocations=50 (full 0):
 garbage-first heap   total 349184K, used 146526K [0x0000000080000000, 0x0000000100000000)
  region size 1024K, 21 young (21504K), 21 survivors (21504K)
 Metaspace       used 96847K, committed 97792K, reserved 557056K
  class space    used 13424K, committed 13888K, reserved 425984K
}
Event: 59.171 GC heap before
{Heap before GC invocations=50 (full 0):
 garbage-first heap   total 349184K, used 250974K [0x0000000080000000, 0x0000000100000000)
  region size 1024K, 123 young (125952K), 21 survivors (21504K)
 Metaspace       used 102791K, committed 103808K, reserved 557056K
  class space    used 14267K, committed 14720K, reserved 425984K
}
Event: 59.206 GC heap after
{Heap after GC invocations=51 (full 0):
 garbage-first heap   total 349184K, used 156139K [0x0000000080000000, 0x0000000100000000)
  region size 1024K, 9 young (9216K), 9 survivors (9216K)
 Metaspace       used 102791K, committed 103808K, reserved 557056K
  class space    used 14267K, committed 14720K, reserved 425984K
}
Event: 61.508 GC heap before
{Heap before GC invocations=51 (full 0):
 garbage-first heap   total 349184K, used 259563K [0x0000000080000000, 0x0000000100000000)
  region size 1024K, 111 young (113664K), 9 survivors (9216K)
 Metaspace       used 105014K, committed 106048K, reserved 557056K
  class space    used 14477K, committed 14976K, reserved 425984K
}
Event: 61.546 GC heap after
{Heap after GC invocations=52 (full 0):
 garbage-first heap   total 349184K, used 169398K [0x0000000080000000, 0x0000000100000000)
  region size 1024K, 14 young (14336K), 14 survivors (14336K)
 Metaspace       used 105014K, committed 106048K, reserved 557056K
  class space    used 14477K, committed 14976K, reserved 425984K
}
Event: 67.948 GC heap before
{Heap before GC invocations=52 (full 0):
 garbage-first heap   total 349184K, used 274870K [0x0000000080000000, 0x0000000100000000)
  region size 1024K, 113 young (115712K), 14 survivors (14336K)
 Metaspace       used 107322K, committed 108352K, reserved 557056K
  class space    used 14736K, committed 15232K, reserved 425984K
}
Event: 68.000 GC heap after
{Heap after GC invocations=53 (full 0):
 garbage-first heap   total 349184K, used 177078K [0x0000000080000000, 0x0000000100000000)
  region size 1024K, 8 young (8192K), 8 survivors (8192K)
 Metaspace       used 107322K, committed 108352K, reserved 557056K
  class space    used 14736K, committed 15232K, reserved 425984K
}

